<?xml version="1.0" encoding="UTF-8"?>
  <testsuite name="stats_writer usecases tests" tests="1" failures="0" errors="0" time="0">
      <testcase name="Sensor aggregator tests First test case Should pass" classname="stats_writer usecases tests" time="4.94e-05"></testcase>
  </testsuite>